[debug] [2021-05-13T04:06:08.292Z] ----------------------------------------------------------------------
[debug] [2021-05-13T04:06:08.295Z] Command:       C:\Program Files\nodejs\node.exe C:\Users\Dima\AppData\Roaming\npm\node_modules\firebase-tools\lib\bin\firebase.js init
[debug] [2021-05-13T04:06:08.295Z] CLI Version:   9.10.2
[debug] [2021-05-13T04:06:08.295Z] Platform:      win32
[debug] [2021-05-13T04:06:08.295Z] Node Version:  v15.11.0
[debug] [2021-05-13T04:06:08.297Z] Time:          Thu May 13 2021 07:06:08 GMT+0300 (Восточная Европа, летнее время)
[debug] [2021-05-13T04:06:08.297Z] ----------------------------------------------------------------------
[debug] 
[debug] [2021-05-13T04:06:08.307Z] > command requires scopes: ["email","openid","https://www.googleapis.com/auth/cloudplatformprojects.readonly","https://www.googleapis.com/auth/firebase","https://www.googleapis.com/auth/cloud-platform"]
[debug] [2021-05-13T04:06:08.307Z] > authorizing via signed-in user (1d3ddd@gmail.com)
[info] 
     ######## #### ########  ######## ########     ###     ######  ########
     ##        ##  ##     ## ##       ##     ##  ##   ##  ##       ##
     ######    ##  ########  ######   ########  #########  ######  ######
     ##        ##  ##    ##  ##       ##     ## ##     ##       ## ##
     ##       #### ##     ## ######## ########  ##     ##  ######  ########

You're about to initialize a Firebase project in this directory:

  E:\5_PROJECTS\ToDoListReact

Before we get started, keep in mind:

  * You are initializing in an existing Firebase project directory

